
 Ansys Mechanical Enterprise Academic Student      


 *------------------------------------------------------------------*
 |                                                                  |
 |   W E L C O M E   T O   T H E   A N S Y S (R)  P R O G R A M     |
 |                                                                  |
 *------------------------------------------------------------------*




 ***************************************************************
 *         ANSYS MAPDL 2024 R2          LEGAL NOTICES          *
 ***************************************************************
 *                                                             *
 * Copyright 1971-2024 Ansys, Inc.  All rights reserved.       *
 * Unauthorized use, distribution or duplication is            *
 * prohibited.                                                 *
 *                                                             *
 * Ansys is a registered trademark of Ansys, Inc. or its       *
 * subsidiaries in the United States or other countries.       *
 * See the Ansys, Inc. online documentation or the Ansys, Inc. *
 * documentation CD or online help for the complete Legal      *
 * Notice.                                                     *
 *                                                             *
 ***************************************************************
 *                                                             *
 * THIS ANSYS SOFTWARE PRODUCT AND PROGRAM DOCUMENTATION       *
 * INCLUDE TRADE SECRETS AND CONFIDENTIAL AND PROPRIETARY      *
 * PRODUCTS OF ANSYS, INC., ITS SUBSIDIARIES, OR LICENSORS.    *
 * The software products and documentation are furnished by    *
 * Ansys, Inc. or its subsidiaries under a software license    *
 * agreement that contains provisions concerning               *
 * non-disclosure, copying, length and nature of use,          *
 * compliance with exporting laws, warranties, disclaimers,    *
 * limitations of liability, and remedies, and other           *
 * provisions.  The software products and documentation may be *
 * used, disclosed, transferred, or copied only in accordance  *
 * with the terms and conditions of that software license      *
 * agreement.                                                  *
 *                                                             *
 * Ansys, Inc. is a UL registered                              *
 * ISO 9001:2015 company.                                      *
 *                                                             *
 ***************************************************************
 *                                                             *
 * This product is subject to U.S. laws governing export and   *
 * re-export.                                                  *
 *                                                             *
 * For U.S. Government users, except as specifically granted   *
 * by the Ansys, Inc. software license agreement, the use,     *
 * duplication, or disclosure by the United States Government  *
 * is subject to restrictions stated in the Ansys, Inc.        *
 * software license agreement and FAR 12.212 (for non-DOD      *
 * licenses).                                                  *
 *                                                             *
 ***************************************************************

 2024 R2 
     
 Point Releases and Patches installed:   
     
 Ansys Service Pack 2024 R2.10483076 
 Discovery 2024 R2.10483076  
 Core WB Files 2024 R2.10483076  
 Ansys Dynamic Reporting 2024 R2.10483076
 SpaceClaim 2024 R2.10483076 
 CFX (includes CFD-Post) 2024 R2.10483076
 Chemkin 2024 R2.10483076
 EnSight 2024 R2.10483076
 FENSAP-ICE 2024 R2.10483076 
 Fluent (includes CFD-Post) 2024 R2.10483076 
 Polyflow (includes CFD-Post) 2024 R2.10483076   
 Forte (includes EnSight) 2024 R2.10483076   
 TurboGrid 2024 R2.10483076  
 ACIS Geometry Interface 2024 R2.10483076
 AutoCAD Geometry Interface 2024 R2.10483076 
 Catia, Version 4 Geometry Interface 2024 R2.10483076
 Catia, Version 5 Geometry Interface 2024 R2.10483076
 Catia, Version 6 Geometry Interface 2024 R2.10483076
 Creo Elements/Direct Modeling Geometry Interface 2024 R2.10483076   
 Creo Parametric Geometry Interface 2024 R2.10483076 
 Inventor Geometry Interface 2024 R2.10483076
 JTOpen Geometry Interface 2024 R2.10483076  
 NX Geometry Interface 2024 R2.10483076  
 Parasolid Geometry Interface  2024 R2.10483076  
 Solid Edge Geometry Interface 2024 R2.10483076  
 SOLIDWORKS Geometry Interface 2024 R2.10483076  
 Speos 2024 R2.10483076  
 Aqwa 2024 R2.10483076   
 Autodyn 2024 R2.10483076
 Material Calibration App 2024 R2.10483076   
 Customization Files for User Programmable Features 2024 R2.10483076 
 Mechanical Products 2024 R2.10483076
 Motion 2024 R2.10483076 
 Academic Student 2024 R2.10483076   


          *****  MAPDL COMMAND LINE ARGUMENTS  *****
  BATCH MODE REQUESTED (-b)    = NOLIST
  INPUT FILE COPY MODE (-c)    = COPY
  DISTRIBUTED MEMORY PARALLEL REQUESTED
       4 PARALLEL PROCESSES REQUESTED WITH SINGLE THREAD PER PROCESS
    TOTAL OF     4 CORES REQUESTED
  INPUT FILE NAME              = C:\Users\diles\AppData\Local\Temp\WB_diles_16720_2\_ProjectScratch\Scr242A\dummy.dat
  OUTPUT FILE NAME             = C:\Users\diles\AppData\Local\Temp\WB_diles_16720_2\_ProjectScratch\Scr242A\solve.out
  START-UP FILE MODE           = NOREAD
  STOP FILE MODE               = NOREAD

 RELEASE= 2024 R2              BUILD= 24.2      UP20240513   VERSION=WINDOWS x64 
 CURRENT JOBNAME=file0  01:11:03  SEP 02, 2024 CP=      0.094


 PARAMETER _DS_PROGRESS =     999.0000000    

 /INPUT FILE= ds.dat  LINE=       0



 *** NOTE ***                            CP =       0.203   TIME= 01:11:04
 The /CONFIG,NOELDB command is not valid in a distributed memory         
 parallel solution.  Command is ignored.                                 

 *GET  _WALLSTRT  FROM  ACTI  ITEM=TIME WALL  VALUE=  1.18444444    

 TITLE= 
 wbnew--Static Structural (A5)                                                 

  ACT Extensions:
      LSDYNA, 2024.2
      5f463412-bd3e-484b-87e7-cbc0a665e474, wbex
 /COM,     ANSYSMotion, 2024.2
      20180725-3f81-49eb-9f31-41364844c769, wbex
  

 SET PARAMETER DIMENSIONS ON  _WB_PROJECTSCRATCH_DIR
  TYPE=STRI  DIMENSIONS=      248        1        1

 PARAMETER _WB_PROJECTSCRATCH_DIR(1) = C:\Users\diles\AppData\Local\Temp\WB_diles_16720_2\_ProjectScratch\Scr242A\

 SET PARAMETER DIMENSIONS ON  _WB_SOLVERFILES_DIR
  TYPE=STRI  DIMENSIONS=      248        1        1

 PARAMETER _WB_SOLVERFILES_DIR(1) = C:\Users\diles\AppData\Local\Temp\WB_diles_16720_2\wbnew_files\dp0\SYS\MECH\

 SET PARAMETER DIMENSIONS ON  _WB_USERFILES_DIR
  TYPE=STRI  DIMENSIONS=      248        1        1

 PARAMETER _WB_USERFILES_DIR(1) = C:\Users\diles\AppData\Local\Temp\WB_diles_16720_2\wbnew_files\user_files\
 --- Data in consistent NMM units. See Solving Units in the help system for more

 MPA UNITS SPECIFIED FOR INTERNAL    
  LENGTH      = MILLIMETERS (mm)
  MASS        = TONNE (Mg)
  TIME        = SECONDS (sec)
  TEMPERATURE = CELSIUS (C)
  TOFFSET     = 273.0
  FORCE       = NEWTON (N)
  HEAT        = MILLIJOULES (mJ)

 INPUT  UNITS ARE ALSO SET TO MPA 

 *** MAPDL - ENGINEERING ANALYSIS SYSTEM  RELEASE 2024 R2          24.2     ***
 Ansys Mechanical Enterprise Academic Student      
 01055371  VERSION=WINDOWS x64   01:11:04  SEP 02, 2024 CP=      0.219

 wbnew--Static Structural (A5)                                                 



          ***** MAPDL ANALYSIS DEFINITION (PREP7) *****
 *********** Nodes for the whole assembly ***********
 *********** Elements for Body 1 'Double Edge Crack-FreeParts|NONE' ***********
 *********** Send User Defined Coordinate System(s) ***********
 *********** Set Reference Temperature ***********
 *********** Send Materials ***********
 *********** Send Sheet Properties ***********
 *********** Send Named Selection as Node Component ***********
 *********** Send Named Selection as Node Component ***********
 *********** Start Creating Assist Nodes For Crack Calculation ***********
 *********** Done Creating Assist Nodes For Crack Calculation ***********
 *********** Fixed Supports ***********
 *********** Define Pressure Without Surface Effect Elements "Pressure" ********


 ***** ROUTINE COMPLETED *****  CP =         0.219


 --- Number of total nodes = 2963
 --- Number of contact elements = 0
 --- Number of spring elements = 0
 --- Number of bearing elements = 0
 --- Number of solid elements = 1408
 --- Number of condensed parts = 0
 --- Number of total elements = 1408

 *GET  _WALLBSOL  FROM  ACTI  ITEM=TIME WALL  VALUE=  1.18444444    
 ****************************************************************************
 *************************    SOLUTION       ********************************
 ****************************************************************************

 *****  MAPDL SOLUTION ROUTINE  *****


 PERFORM A STATIC ANALYSIS
  THIS WILL BE A NEW ANALYSIS

 PARAMETER _THICKRATIO =     0.000000000    

 USE SPARSE MATRIX DIRECT SOLVER

 CONTACT INFORMATION PRINTOUT LEVEL       1

 CHECK INITIAL OPEN/CLOSED STATUS OF SELECTED CONTACT ELEMENTS
      AND LIST DETAILED CONTACT PAIR INFORMATION

 SPLIT CONTACT SURFACES AT SOLVE PHASE

    NUMBER OF SPLITTING TBD BY PROGRAM

 DO NOT COMBINE ELEMENT MATRIX FILES (.emat) AFTER DISTRIBUTED PARALLEL SOLUTION

 DO NOT COMBINE ELEMENT SAVE DATA FILES (.esav) AFTER DISTRIBUTED PARALLEL SOLUTION
 *********** Start Sending CINT Commands For All Cracks ***********

 PARAMETER _IASSISTNODE =     2962.000000    

 PARAMETER _SIFS =     1.000000000    

 PARAMETER _CRACK59_FRONT1_SIFS =     1.000000000    

  START CRACK INTEGRATION DATA SET    1

  SET CINT TYPE TO SIFS

  COMPONENT SELECTION_3
      DESIGNATES CRACK EXTENSION NODES FOR SET    1

  SET NUMBER OF CONTOURS FOR CRACK INTEGRATION SET    1 TO 6

  ASSIGN CRACK SURFACE NORMAL FOR SET 1
      TO COORDINATE SYSTEM 12 Y DIRECTION

 PARAMETER _JINT =     2.000000000    

 PARAMETER _CRACK59_FRONT1_JINT =     2.000000000    

  START CRACK INTEGRATION DATA SET    2

  SET CINT TYPE TO JINT

  COMPONENT SELECTION_3
      DESIGNATES CRACK EXTENSION NODES FOR SET    2

  SET NUMBER OF CONTOURS FOR CRACK INTEGRATION SET    2 TO 6

  ASSIGN CRACK SURFACE NORMAL FOR SET 2
      TO COORDINATE SYSTEM 12 Y DIRECTION

 PARAMETER _TSTRESS =     3.000000000    

 PARAMETER _CRACK59_FRONT1_TSTRESS =     3.000000000    

  START CRACK INTEGRATION DATA SET    3

  SET CINT TYPE TO TSTRESS

  COMPONENT SELECTION_3
      DESIGNATES CRACK EXTENSION NODES FOR SET    3

  SET NUMBER OF CONTOURS FOR CRACK INTEGRATION SET    3 TO 6

  ASSIGN CRACK SURFACE NORMAL FOR SET 3
      TO COORDINATE SYSTEM 12 Y DIRECTION

 PARAMETER _IASSISTNODE =     2963.000000    

 PARAMETER _SIFS =     4.000000000    

 PARAMETER _CRACK61_FRONT1_SIFS =     4.000000000    

  START CRACK INTEGRATION DATA SET    4

  SET CINT TYPE TO SIFS

  COMPONENT SELECTION_4
      DESIGNATES CRACK EXTENSION NODES FOR SET    4

  SET NUMBER OF CONTOURS FOR CRACK INTEGRATION SET    4 TO 6

  ASSIGN CRACK SURFACE NORMAL FOR SET 4
      TO COORDINATE SYSTEM 13 Y DIRECTION

 PARAMETER _JINT =     5.000000000    

 PARAMETER _CRACK61_FRONT1_JINT =     5.000000000    

  START CRACK INTEGRATION DATA SET    5

  SET CINT TYPE TO JINT

  COMPONENT SELECTION_4
      DESIGNATES CRACK EXTENSION NODES FOR SET    5

  SET NUMBER OF CONTOURS FOR CRACK INTEGRATION SET    5 TO 6

  ASSIGN CRACK SURFACE NORMAL FOR SET 5
      TO COORDINATE SYSTEM 13 Y DIRECTION

 PARAMETER _TSTRESS =     6.000000000    

 PARAMETER _CRACK61_FRONT1_TSTRESS =     6.000000000    

  START CRACK INTEGRATION DATA SET    6

  SET CINT TYPE TO TSTRESS

  COMPONENT SELECTION_4
      DESIGNATES CRACK EXTENSION NODES FOR SET    6

  SET NUMBER OF CONTOURS FOR CRACK INTEGRATION SET    6 TO 6

  ASSIGN CRACK SURFACE NORMAL FOR SET 6
      TO COORDINATE SYSTEM 13 Y DIRECTION
 *********** Done Sending CINT Commands For All Cracks ***********

 NLDIAG: Nonlinear diagnostics CONT option is set to ON. 
         Writing frequency : each ITERATION.

 DO NOT SAVE ANY RESTART FILES AT ALL
 ****************************************************
 ******************* SOLVE FOR LS 1 OF 1 ****************
 *********** Set Pressure Without Surface Effect Elements "Pressure" ***********

 SPECIFIED SURFACE LOAD PRES FOR ALL PICKED ELEMENTS  LKEY =  1   KVAL = 1
     VALUES =    -100.00        -100.00        -100.00        -100.00    

 SPECIFIED SURFACE LOAD PRES FOR ALL PICKED ELEMENTS  LKEY =  4   KVAL = 1
     VALUES =    -100.00        -100.00        -100.00        -100.00    

 ALL SELECT   FOR ITEM=NODE COMPONENT=    
  IN RANGE         1 TO       2963 STEP          1

       2963  NODES (OF       2963  DEFINED) SELECTED BY NSEL  COMMAND.

 ALL SELECT   FOR ITEM=ELEM COMPONENT=    
  IN RANGE         1 TO       1408 STEP          1

       1408  ELEMENTS (OF       1408  DEFINED) SELECTED BY  ESEL  COMMAND.

 ALL SELECT   FOR ITEM=ELEM COMPONENT=    
  IN RANGE         1 TO       1408 STEP          1

       1408  ELEMENTS (OF       1408  DEFINED) SELECTED BY  ESEL  COMMAND.

 PRINTOUT RESUMED BY /GOP

 USE       1 SUBSTEPS INITIALLY THIS LOAD STEP FOR ALL  DEGREES OF FREEDOM
 FOR AUTOMATIC TIME STEPPING:
   USE      1 SUBSTEPS AS A MAXIMUM
   USE      1 SUBSTEPS AS A MINIMUM

 TIME=  1.0000    

 ERASE THE CURRENT DATABASE OUTPUT CONTROL TABLE.


 WRITE ALL  ITEMS TO THE DATABASE WITH A FREQUENCY OF NONE
   FOR ALL APPLICABLE ENTITIES

 WRITE NSOL ITEMS TO THE DATABASE WITH A FREQUENCY OF ALL 
   FOR ALL APPLICABLE ENTITIES

 WRITE RSOL ITEMS TO THE DATABASE WITH A FREQUENCY OF ALL 
   FOR ALL APPLICABLE ENTITIES

 WRITE EANG ITEMS TO THE DATABASE WITH A FREQUENCY OF ALL 
   FOR ALL APPLICABLE ENTITIES

 WRITE ETMP ITEMS TO THE DATABASE WITH A FREQUENCY OF ALL 
   FOR ALL APPLICABLE ENTITIES

 WRITE VENG ITEMS TO THE DATABASE WITH A FREQUENCY OF ALL 
   FOR ALL APPLICABLE ENTITIES

 WRITE STRS ITEMS TO THE DATABASE WITH A FREQUENCY OF ALL 
   FOR ALL APPLICABLE ENTITIES

 WRITE EPEL ITEMS TO THE DATABASE WITH A FREQUENCY OF ALL 
   FOR ALL APPLICABLE ENTITIES

 WRITE EPPL ITEMS TO THE DATABASE WITH A FREQUENCY OF ALL 
   FOR ALL APPLICABLE ENTITIES

 WRITE CONT ITEMS TO THE DATABASE WITH A FREQUENCY OF ALL 
   FOR ALL APPLICABLE ENTITIES

 WRITE CINT ITEMS TO THE DATABASE WITH A FREQUENCY OF ALL 
   FOR ALL APPLICABLE ENTITIES

 *GET  ANSINTER_  FROM  ACTI  ITEM=INT        VALUE=  0.00000000    

 *IF  ANSINTER_  ( =   0.00000     )  NE  
      0  ( =   0.00000     )  THEN    

 *ENDIF

 *** NOTE ***                            CP =       0.281   TIME= 01:11:04
 The automatic domain decomposition logic has selected the MESH domain   
 decomposition method with 4 processes per solution.                     

 *****  MAPDL SOLVE    COMMAND  *****

 *** WARNING ***                         CP =       0.281   TIME= 01:11:04
 Element shape checking is currently inactive.  Issue SHPP,ON or         
 SHPP,WARN to reactivate, if desired.                                    

 *** NOTE ***                            CP =       0.281   TIME= 01:11:04
 The model data was checked and warning messages were found.             
  Please review output or errors file (                                  
 C:\Users\diles\AppData\Local\Temp\WB_diles_16720_2\_ProjectScratch\Scr2 
 242A\file0.err ) for these warning messages.                            

 *** SELECTION OF ELEMENT TECHNOLOGIES FOR APPLICABLE ELEMENTS ***
      --- GIVE SUGGESTIONS AND RESET THE KEY OPTIONS ---

 ELEMENT TYPE         1 IS PLANE183 WITH PLANE STRAIN OPTION. IT IS NOT ASSOCIATED
 WITH FULLY INCOMPRESSIBLE HYPERELASTIC MATERIALS. NO SUGGESTION IS AVAILABLE
 AND NO RESETTING IS NEEDED.



 *** MAPDL - ENGINEERING ANALYSIS SYSTEM  RELEASE 2024 R2          24.2     ***
 Ansys Mechanical Enterprise Academic Student      
 01055371  VERSION=WINDOWS x64   01:11:04  SEP 02, 2024 CP=      0.281

 wbnew--Static Structural (A5)                                                 



                       S O L U T I O N   O P T I O N S

   PROBLEM DIMENSIONALITY. . . . . . . . . . . . .2-D                  
   DEGREES OF FREEDOM. . . . . . UX   UY  
   ANALYSIS TYPE . . . . . . . . . . . . . . . . .STATIC (STEADY-STATE)
   OFFSET TEMPERATURE FROM ABSOLUTE ZERO . . . . .  273.15    
   EQUATION SOLVER OPTION. . . . . . . . . . . . .SPARSE             
   GLOBALLY ASSEMBLED MATRIX . . . . . . . . . . .SYMMETRIC  

 *** NOTE ***                            CP =       0.281   TIME= 01:11:04
 The conditions for direct assembly have been met.  No .emat or .erot    
 files will be produced.                                                 

 MAKE COMPONENTS FOR CRACK DATA SET        1

 MAKE COMPONENTS FOR CRACK DATA SET        2

 MAKE COMPONENTS FOR CRACK DATA SET        3

 MAKE COMPONENTS FOR CRACK DATA SET        4

 MAKE COMPONENTS FOR CRACK DATA SET        5

 MAKE COMPONENTS FOR CRACK DATA SET        6

 *** NOTE ***                            CP =       0.297   TIME= 01:11:04
 Distributed fracture parameters calculation is OFF.                     

  
  
     D I S T R I B U T E D   D O M A I N   D E C O M P O S E R
  
  ...Number of elements: 1408
  ...Number of nodes:    2963
  ...Decompose to 4 CPU domains
  ...Element load balance ratio =     1.000


                      L O A D   S T E P   O P T I O N S

   LOAD STEP NUMBER. . . . . . . . . . . . . . . .     1
   TIME AT END OF THE LOAD STEP. . . . . . . . . .  1.0000    
   NUMBER OF SUBSTEPS. . . . . . . . . . . . . . .     1
   STEP CHANGE BOUNDARY CONDITIONS . . . . . . . .    NO
   PRINT OUTPUT CONTROLS . . . . . . . . . . . . .NO PRINTOUT
   DATABASE OUTPUT CONTROLS
      ITEM     FREQUENCY   COMPONENT
       ALL       NONE               
      NSOL        ALL               
      RSOL        ALL               
      EANG        ALL               
      ETMP        ALL               
      VENG        ALL               
      STRS        ALL               
      EPEL        ALL               
      EPPL        ALL               
      CONT        ALL               
      CINT        ALL               


 SOLUTION MONITORING INFO IS WRITTEN TO FILE= file.mntr                                                                                                                                                                                                                                                           




            **** CENTER OF MASS, MASS, AND MASS MOMENTS OF INERTIA ****

  CALCULATIONS ASSUME ELEMENT MASS AT ELEMENT CENTROID

  TOTAL MASS =  0.12681E-03

                           MOM. OF INERTIA         MOM. OF INERTIA
  CENTER OF MASS            ABOUT ORIGIN        ABOUT CENTER OF MASS

  XC =   50.000          IXX =   0.2841          IXX =   0.2841    
  YC =  0.15717E-09      IYY =   0.4207          IYY =   0.1037    
  ZC =   0.0000          IZZ =   0.7048          IZZ =   0.3878    
                         IXY =   0.7894E-05      IXY =   0.7894E-05
                         IYZ =    0.000          IYZ =    0.000    
                         IZX =    0.000          IZX =    0.000    


  *** MASS SUMMARY BY ELEMENT TYPE ***

  TYPE      MASS
     1  0.126807E-03

 Range of element maximum matrix coefficients in global coordinates
 Maximum = 644753.663 at element 1275.                                   
 Minimum = 399893.266 at element 699.                                    

   *** ELEMENT MATRIX FORMULATION TIMES
     TYPE    NUMBER   ENAME      TOTAL CP  AVE CP

        1      1408  PLANE183      0.016   0.000011
 Time at end of element matrix formulation CP = 0.328125.                

 DISTRIBUTED SPARSE MATRIX DIRECT SOLVER.
  Number of equations =        5896,    Maximum wavefront =     42


  Memory allocated on only this MPI rank (rank     0)
  -------------------------------------------------------------------
  Equation solver memory allocated                     =     2.041 MB
  Equation solver memory required for in-core mode     =     1.967 MB
  Equation solver memory required for out-of-core mode =     1.553 MB
  Total (solver and non-solver) memory allocated       =   384.838 MB


  Total memory summed across all MPI ranks on this machines
  -------------------------------------------------------------------
  Equation solver memory allocated                     =     7.908 MB
  Equation solver memory required for in-core mode     =     7.619 MB
  Equation solver memory required for out-of-core mode =     6.033 MB
  Total (solver and non-solver) memory allocated       =   709.447 MB

 *** NOTE ***                            CP =       0.344   TIME= 01:11:04
 The Distributed Sparse Matrix Solver is currently running in the        
 in-core memory mode.  This memory mode uses the most amount of memory   
 in order to avoid using the hard drive as much as possible, which most  
 often results in the fastest solution time.  This mode is recommended   
 if enough physical memory is present to accommodate all of the solver   
 data.                                                                   
 Distributed sparse solver maximum pivot= 1195854.42 at node 835 UY.     
 Distributed sparse solver minimum pivot= 61377.6468 at node 58 UY.      
 Distributed sparse solver minimum pivot in absolute value= 61377.6468   
 at node 58 UY.                                                          

   *** ELEMENT RESULT CALCULATION TIMES
     TYPE    NUMBER   ENAME      TOTAL CP  AVE CP

        1      1408  PLANE183      0.000   0.000000

   *** NODAL LOAD CALCULATION TIMES
     TYPE    NUMBER   ENAME      TOTAL CP  AVE CP

        1      1408  PLANE183      0.000   0.000000
 
   CINT CALCULATION FOR CRACK #       1                                                                                 
        NUMBER OF CONTOURS     6                                                                                        
        SYMMETRICAL CRACK    NO                                                                                         
        CRACK PLANE NORMAL   CSYS= 12 AXIS= 2                                                                           
 
   CINT CALCULATION FOR CRACK #       2                                                                                 
        NUMBER OF CONTOURS     6                                                                                        
        SYMMETRICAL CRACK    NO                                                                                         
        CRACK PLANE NORMAL   CSYS= 12 AXIS= 2                                                                           
 
   CINT CALCULATION FOR CRACK #       3                                                                                 
        NUMBER OF CONTOURS     6                                                                                        
        SYMMETRICAL CRACK    NO                                                                                         
        CRACK PLANE NORMAL   CSYS= 12 AXIS= 2                                                                           
 
   CINT CALCULATION FOR CRACK #       4                                                                                 
        NUMBER OF CONTOURS     6                                                                                        
        SYMMETRICAL CRACK    NO                                                                                         
        CRACK PLANE NORMAL   CSYS= 13 AXIS= 2                                                                           
 
   CINT CALCULATION FOR CRACK #       5                                                                                 
        NUMBER OF CONTOURS     6                                                                                        
        SYMMETRICAL CRACK    NO                                                                                         
        CRACK PLANE NORMAL   CSYS= 13 AXIS= 2                                                                           
 
   CINT CALCULATION FOR CRACK #       6                                                                                 
        NUMBER OF CONTOURS     6                                                                                        
        SYMMETRICAL CRACK    NO                                                                                         
        CRACK PLANE NORMAL   CSYS= 13 AXIS= 2                                                                           
 *** LOAD STEP     1   SUBSTEP     1  COMPLETED.    CUM ITER =      1
 *** TIME =   1.00000         TIME INC =   1.00000      NEW TRIANG MATRIX


 *** MAPDL BINARY FILE STATISTICS
  BUFFER SIZE USED= 16384
        0.812 MB WRITTEN ON ELEMENT SAVED DATA FILE: file0.esav
        0.375 MB WRITTEN ON ASSEMBLED MATRIX FILE: file0.full
        0.500 MB WRITTEN ON RESULTS FILE: file0.rst
 *************** Write FE CONNECTORS *********

 WRITE OUT CONSTRAINT EQUATIONS TO FILE= file.ce                                                                                                                                                                                                                                                             
 ****************************************************
 *************** FINISHED SOLVE FOR LS 1 *************

 *GET  _WALLASOL  FROM  ACTI  ITEM=TIME WALL  VALUE=  1.18444444    

 PRINTOUT RESUMED BY /GOP

 FINISH SOLUTION PROCESSING


 ***** ROUTINE COMPLETED *****  CP =         0.375



 *** MAPDL - ENGINEERING ANALYSIS SYSTEM  RELEASE 2024 R2          24.2     ***
 Ansys Mechanical Enterprise Academic Student      
 01055371  VERSION=WINDOWS x64   01:11:04  SEP 02, 2024 CP=      0.375

 wbnew--Static Structural (A5)                                                 



          ***** MAPDL RESULTS INTERPRETATION (POST1) *****

 *** NOTE ***                            CP =       0.375   TIME= 01:11:04
 Reading results into the database (SET command) will update the current 
 displacement and force boundary conditions in the database with the     
 values from the results file for that load set.  Note that any          
 subsequent solutions will use these values unless action is taken to    
 either SAVE the current values or not overwrite them (/EXIT,NOSAVE).    

 Set Encoding of XML File to:ISO-8859-1

 Set Output of XML File to:
     PARM,     ,     ,     ,     ,     ,     ,     ,     ,     ,     ,     ,
         ,     ,     ,     ,     ,     ,     ,

 DATABASE WRITTEN ON FILE  parm.xml                                                                                                                                                                                                                                                            

 EXIT THE MAPDL POST1 DATABASE PROCESSOR


 ***** ROUTINE COMPLETED *****  CP =         0.375



 PRINTOUT RESUMED BY /GOP

 *GET  _WALLDONE  FROM  ACTI  ITEM=TIME WALL  VALUE=  1.18444444    

 PARAMETER _PREPTIME =     0.000000000    

 PARAMETER _SOLVTIME =     0.000000000    

 PARAMETER _POSTTIME =     0.000000000    

 PARAMETER _TOTALTIM =     0.000000000    

 *GET  _DLBRATIO  FROM  ACTI  ITEM=SOLU DLBR  VALUE=  1.00000000    

 *GET  _COMBTIME  FROM  ACTI  ITEM=SOLU COMB  VALUE= 0.261262000E-01

 *GET  _SSMODE   FROM  ACTI  ITEM=SOLU SSMM  VALUE=  2.00000000    

 *GET  _NDOFS    FROM  ACTI  ITEM=SOLU NDOF  VALUE=  5896.00000    

 *GET  _SOL_END_TIME  FROM  ACTI  ITEM=SET  TIME  VALUE=  1.00000000    

 *IF  _sol_end_time  ( =   1.00000     )  EQ  
      1.000000  ( =   1.00000     )  THEN    

 /FCLEAN COMMAND REMOVING ALL LOCAL FILES

 *ENDIF
 --- Total number of nodes = 2963
 --- Total number of elements = 1408
 --- Element load balance ratio = 1
 --- Time to combine distributed files = 2.61262E-02
 --- Sparse memory mode = 2
 --- Number of DOF = 5896

 EXIT MAPDL WITHOUT SAVING DATABASE


 NUMBER OF WARNING MESSAGES ENCOUNTERED=          1
 NUMBER OF ERROR   MESSAGES ENCOUNTERED=          0

+--------------------- M A P D L   S T A T I S T I C S ------------------------+

Release: 2024 R2            Build: 24.2       Update: UP20240513   Platform: WINDOWS x64 
Date Run: 09/02/2024   Time: 01:11     Process ID: 25884
Operating System: Windows 11  (Build: 22631)

Processor Model: 13th Gen Intel(R) Core(TM) i5-1335U

Compiler: Intel(R) Fortran Compiler Classic Version 2021.9  (Build: 20230302)
          Intel(R) C/C++ Compiler Classic Version 2021.9  (Build: 20230302)
          Intel(R) oneAPI Math Kernel Library Version 2023.1-Product Build 20230303

Number of machines requested            :    1
Total number of cores available         :   12
Number of physical cores available      :   10
Number of processes requested           :    4
Number of threads per process requested :    1
Total number of cores requested         :    4 (Distributed Memory Parallel)               
MPI Type: INTELMPI
MPI Version: Intel(R) MPI Library 2021.11 for Windows* OS


GPU Acceleration: Not Requested

Job Name: file0
Input File: dummy.dat

  Core                Machine Name   Working Directory
 -----------------------------------------------------
     0                      DILESH   C:\Users\diles\AppData\Local\Temp\WB_diles_16720_2\_ProjectScratch\Scr242A
     1                      DILESH   C:\Users\diles\AppData\Local\Temp\WB_diles_16720_2\_ProjectScratch\Scr242A
     2                      DILESH   C:\Users\diles\AppData\Local\Temp\WB_diles_16720_2\_ProjectScratch\Scr242A
     3                      DILESH   C:\Users\diles\AppData\Local\Temp\WB_diles_16720_2\_ProjectScratch\Scr242A
 
Latency time from master to core     1 =    3.148 microseconds
Latency time from master to core     2 =    5.502 microseconds
Latency time from master to core     3 =    3.079 microseconds
 
Communication speed from master to core     1 =  2768.75 MB/sec
Communication speed from master to core     2 =  3872.16 MB/sec
Communication speed from master to core     3 =  4258.35 MB/sec

Total CPU time for main thread                    :        0.6 seconds
Total CPU time summed for all threads             :        0.4 seconds

Elapsed time spent obtaining a license            :        0.5 seconds
Elapsed time spent pre-processing model (/PREP7)  :        0.0 seconds
Elapsed time spent solution - preprocessing       :        0.1 seconds
Elapsed time spent computing solution             :        0.2 seconds
Elapsed time spent solution - postprocessing      :        0.0 seconds
Elapsed time spent post-processing model (/POST1) :        0.0 seconds
 
Equation solver used                              :            Sparse (symmetric)

Sum of disk space used on all processes           :        6.8 MB

Sum of memory used on all processes               :      550.0 MB
Sum of memory allocated on all processes          :     2880.0 MB
Physical memory available                         :         16 GB
Total amount of I/O written to disk               :        0.0 GB
Total amount of I/O read from disk                :        0.0 GB

+------------------ E N D   M A P D L   S T A T I S T I C S -------------------+


 *-----------------------------------------------------------------------------*
 |                                                                             |
 |                               RUN COMPLETED                                 |
 |                                                                             |
 |-----------------------------------------------------------------------------|
 |                                                                             |
 |  Ansys MAPDL 2024 R2         Build 24.2         UP20240513    WINDOWS x64   |
 |                                                                             |
 |-----------------------------------------------------------------------------|
 |                                                                             |
 |  Database Requested(-db)     1024 MB     Scratch Memory Requested   1024 MB |
 |  Max Database Used(Master)      3 MB     Max Scratch Used(Master)    136 MB |
 |  Max Database Used(Workers)     1 MB     Max Scratch Used(Workers)   136 MB |
 |  Sum Database Used(All)         6 MB     Sum Scratch Used(All)       544 MB |
 |                                                                             |
 |-----------------------------------------------------------------------------|
 |                                                                             |
 |        CP Time      (sec) =          0.422       Time  =  01:11:08          |
 |        Elapsed Time (sec) =          6.000       Date  =  09/02/2024        |
 |                                                                             |
 *-----------------------------------------------------------------------------*
